npm warn deprecated inflight@1.0.6: This module is not supported, and leaks memory. Do not use it. Check out lru-cache if you want a good and tested way to coalesce async requests by a key value, which is much more comprehensive and powerful.
npm warn deprecated glob@8.1.0: Glob versions prior to v9 are no longer supported

added 35 packages, and audited 36 packages in 10s

2 packages are looking for funding
  run `npm fund` for details

1 critical severity vulnerability

To address all issues, run:
  npm audit fix --force

Run `npm audit` for details.
npm error Missing script: "build"
npm error
npm error To see a list of scripts, run:
npm error   npm run
npm error A complete log of this run can be found in: /Users/m2air/.npm/_logs/2025-07-20T16_23_15_426Z-debug-0.log
npm warn deprecated string-similarity@4.0.4: Package no longer supported. Contact Support at https://www.npmjs.com/support for more info.
npm warn deprecated opn@6.0.0: The package has been renamed to `open`

added 791 packages, and audited 794 packages in 26s

129 packages are looking for funding
  run `npm fund` for details

22 vulnerabilities (8 low, 3 moderate, 9 high, 2 critical)

To address issues that do not require attention, run:
  npm audit fix

To address all issues (including breaking changes), run:
  npm audit fix --force

Run `npm audit` for details.

> decentraland@3.18.0 build
> tsc -p tsconfig.json && chmod +x dist/index.js

Files:              903
Lines:            96315
Nodes:           305678
Identifiers:     103108
Symbols:          87986
Types:            19603
Instantiations:   50385
Memory used:    174069K
I/O read:         0.47s
I/O write:        0.45s
Parse time:       2.55s
Bind time:        0.80s
Check time:       3.79s
Emit time:        2.87s
Total time:      10.01s

added 2 packages, changed 5 packages, and audited 93 packages in 10s

12 packages are looking for funding
  run `npm fund` for details

8 vulnerabilities (5 low, 3 high)

To address all issues, run:
  npm audit fix

Run `npm audit` for details.
npm error Missing script: "build"
npm error
npm error To see a list of scripts, run:
npm error   npm run
npm error A complete log of this run can be found in: /Users/m2air/.npm/_logs/2025-07-20T16_24_10_151Z-debug-0.log
npm warn deprecated rollup-plugin-terser@7.0.2: This package has been deprecated and is no longer maintained. Please use @rollup/plugin-terser
npm warn deprecated w3c-hr-time@1.0.2: Use your platform's native performance.now() and performance.timeOrigin.
npm warn deprecated sourcemap-codec@1.4.8: Please use @jridgewell/sourcemap-codec instead

added 421 packages, and audited 422 packages in 20s

38 packages are looking for funding
  run `npm fund` for details

16 vulnerabilities (1 low, 5 moderate, 9 high, 1 critical)

To address all issues, run:
  npm audit fix

Run `npm audit` for details.

> @dcl/crypto-scene-utils@1.0.0 build
> rm -rf temp/ && rollup -c

[36m
[1msrc/index.ts[22m → [1m./dist/index.js[22m...[39m
[32mcreated [1m./dist/index.js[22m in [1m7.8s[22m[39m

added 1 package, and audited 3 packages in 546ms

found 0 vulnerabilities

up to date, audited 93 packages in 1s

12 packages are looking for funding
  run `npm fund` for details

8 vulnerabilities (5 low, 3 high)

To address all issues, run:
  npm audit fix

Run `npm audit` for details.
npm warn deprecated string-similarity@4.0.4: Package no longer supported. Contact Support at https://www.npmjs.com/support for more info.

added 470 packages, and audited 471 packages in 8s

122 packages are looking for funding
  run `npm fund` for details

15 vulnerabilities (1 low, 6 moderate, 8 high)

To address all issues, run:
  npm audit fix

Run `npm audit` for details.

> @dcl/schemas@0.0.0 build
> tsc -p tsconfig.json

npm warn ERESOLVE overriding peer dependency
npm warn While resolving: tslint-eslint-rules@5.4.0
npm warn Found: typescript@4.2.3
npm warn node_modules/typescript
npm warn   dev typescript@"^4.1.3" from the root project
npm warn   5 more (ts-node, tslint, tsutils, tsutils, tsutils)
npm warn
npm warn Could not resolve dependency:
npm warn peer typescript@"^2.2.0 || ^3.0.0" from tslint-eslint-rules@5.4.0
npm warn node_modules/tslint-eslint-rules
npm warn   tslint-eslint-rules@"^5.1.0" from dcl-tslint-config-standard@1.1.0
npm warn   node_modules/dcl-tslint-config-standard
npm warn
npm warn Conflicting peer dependency: typescript@3.9.10
npm warn node_modules/typescript
npm warn   peer typescript@"^2.2.0 || ^3.0.0" from tslint-eslint-rules@5.4.0
npm warn   node_modules/tslint-eslint-rules
npm warn     tslint-eslint-rules@"^5.1.0" from dcl-tslint-config-standard@1.1.0
npm warn     node_modules/dcl-tslint-config-standard
npm error code ERESOLVE
npm error ERESOLVE could not resolve
npm error
npm error While resolving: tslint-language-service@0.9.9
npm error Found: typescript@4.2.3
npm error node_modules/typescript
npm error   dev typescript@"^4.1.3" from the root project
npm error   peer typescript@">=2.7" from ts-node@9.1.1
npm error   node_modules/ts-node
npm error     dev ts-node@"^9.1.1" from the root project
npm error   4 more (tslint, tsutils, tsutils, tsutils)
npm error
npm error Could not resolve dependency:
npm error peer typescript@">= 2.3.1 < 3" from tslint-language-service@0.9.9
npm error node_modules/tslint-language-service
npm error   dev tslint-language-service@"^0.9.9" from the root project
npm error
npm error Conflicting peer dependency: typescript@2.9.2
npm error node_modules/typescript
npm error   peer typescript@">= 2.3.1 < 3" from tslint-language-service@0.9.9
npm error   node_modules/tslint-language-service
npm error     dev tslint-language-service@"^0.9.9" from the root project
npm error
npm error Fix the upstream dependency conflict, or retry
npm error this command with --force or --legacy-peer-deps
npm error to accept an incorrect (and potentially broken) dependency resolution.
npm error
npm error
npm error For a full report see:
npm error /Users/m2air/.npm/_logs/2025-07-20T16_33_15_272Z-eresolve-report.txt
npm error A complete log of this run can be found in: /Users/m2air/.npm/_logs/2025-07-20T16_33_15_272Z-debug-0.log
npm warn skipping integrity check for git dependency ssh://git@github.com/ethereumjs/ethereumjs-abi.git
npm warn deprecated uuid@3.4.0: Please upgrade  to version 7 or higher.  Older versions may use Math.random() in certain circumstances, which is known to be problematic.  See https://v8.dev/blog/math-random for details.
npm warn deprecated safe-event-emitter@1.0.1: Renamed to @metamask/safe-event-emitter
npm warn deprecated eth-sig-util@1.4.2: Deprecated in favor of '@metamask/eth-sig-util'
npm warn deprecated @motionone/vue@10.16.4: Motion One for Vue is deprecated. Use Oku Motion instead https://oku-ui.com/motion

added 967 packages, and audited 1404 packages in 38s

137 packages are looking for funding
  run `npm fund` for details

87 vulnerabilities (2 low, 24 moderate, 48 high, 13 critical)

To address issues that do not require attention, run:
  npm audit fix

To address all issues possible (including breaking changes), run:
  npm audit fix --force

Some issues need review, and may require choosing
a different dependency.

Run `npm audit` for details.

> decentraland-connect@0.0.0-development build
> npm run build:esm && npm run build:cjs


> decentraland-connect@0.0.0-development build:esm /Users/m2air/decentraland-near-clone/decentraland/decentraland-connect
> tsc --project tsconfig.esm.json


> decentraland-connect@0.0.0-development build:cjs /Users/m2air/decentraland-near-clone/decentraland/decentraland-connect
> tsc --project tsconfig.cjs.json


> decentraland-connect@0.0.0-development postbuild
> node scripts/postbuild.js

